1626308537.180615 client started (4038): version 3.1c, socket /private/tmp/tmux-501/default, protocol 8
1626308537.180702 on Darwin 20.4.0 Darwin Kernel Version 20.4.0: Thu Apr 22 21:46:47 PDT 2021; root:xnu-7195.101.2~1/RELEASE_X86_64; libevent 2.1.12-stable (select)
1626308537.180749 socket is /private/tmp/tmux-501/default
1626308537.180770 trying connect
1626308537.180869 add peer 0x7fc300008000: 6 (0x0)
1626308537.182164 sending message 100 to peer 0x7fc300008000 (4 bytes)
1626308537.182184 sending message 101 to peer 0x7fc300008000 (15 bytes)
1626308537.182193 sending message 102 to peer 0x7fc300008000 (13 bytes)
1626308537.182201 sending message 108 to peer 0x7fc300008000 (28 bytes)
1626308537.182216 sending message 104 to peer 0x7fc300008000 (0 bytes)
1626308537.182224 sending message 107 to peer 0x7fc300008000 (4 bytes)
1626308537.182231 sending message 105 to peer 0x7fc300008000 (60 bytes)
1626308537.182238 sending message 105 to peer 0x7fc300008000 (66 bytes)
1626308537.182245 sending message 105 to peer 0x7fc300008000 (26 bytes)
1626308537.182252 sending message 105 to peer 0x7fc300008000 (15 bytes)
1626308537.182259 sending message 105 to peer 0x7fc300008000 (22 bytes)
1626308537.182266 sending message 105 to peer 0x7fc300008000 (14 bytes)
1626308537.182273 sending message 105 to peer 0x7fc300008000 (17 bytes)
1626308537.182280 sending message 105 to peer 0x7fc300008000 (32 bytes)
1626308537.182287 sending message 105 to peer 0x7fc300008000 (15 bytes)
1626308537.182294 sending message 105 to peer 0x7fc300008000 (43 bytes)
1626308537.182301 sending message 105 to peer 0x7fc300008000 (24 bytes)
1626308537.182308 sending message 105 to peer 0x7fc300008000 (27 bytes)
1626308537.182315 sending message 105 to peer 0x7fc300008000 (23 bytes)
1626308537.182322 sending message 105 to peer 0x7fc300008000 (227 bytes)
1626308537.182329 sending message 105 to peer 0x7fc300008000 (75 bytes)
1626308537.182336 sending message 105 to peer 0x7fc300008000 (19 bytes)
1626308537.182343 sending message 105 to peer 0x7fc300008000 (20 bytes)
1626308537.182350 sending message 105 to peer 0x7fc300008000 (22 bytes)
1626308537.182356 sending message 105 to peer 0x7fc300008000 (20 bytes)
1626308537.182363 sending message 105 to peer 0x7fc300008000 (20 bytes)
1626308537.182370 sending message 105 to peer 0x7fc300008000 (57 bytes)
1626308537.182377 sending message 105 to peer 0x7fc300008000 (13 bytes)
1626308537.182384 sending message 105 to peer 0x7fc300008000 (19 bytes)
1626308537.182391 sending message 105 to peer 0x7fc300008000 (16 bytes)
1626308537.182398 sending message 105 to peer 0x7fc300008000 (54 bytes)
1626308537.182407 sending message 105 to peer 0x7fc300008000 (34 bytes)
1626308537.182414 sending message 105 to peer 0x7fc300008000 (61 bytes)
1626308537.182421 sending message 105 to peer 0x7fc300008000 (8 bytes)
1626308537.182428 sending message 105 to peer 0x7fc300008000 (22 bytes)
1626308537.182435 sending message 105 to peer 0x7fc300008000 (30 bytes)
1626308537.182441 sending message 105 to peer 0x7fc300008000 (11 bytes)
1626308537.182448 sending message 105 to peer 0x7fc300008000 (8 bytes)
1626308537.182455 sending message 105 to peer 0x7fc300008000 (32 bytes)
1626308537.182462 sending message 105 to peer 0x7fc300008000 (21 bytes)
1626308537.182469 sending message 105 to peer 0x7fc300008000 (75 bytes)
1626308537.182476 sending message 105 to peer 0x7fc300008000 (167 bytes)
1626308537.182483 sending message 105 to peer 0x7fc300008000 (25 bytes)
1626308537.182490 sending message 105 to peer 0x7fc300008000 (21 bytes)
1626308537.182497 sending message 105 to peer 0x7fc300008000 (28 bytes)
1626308537.182503 sending message 105 to peer 0x7fc300008000 (15 bytes)
1626308537.182510 sending message 105 to peer 0x7fc300008000 (27 bytes)
1626308537.182517 sending message 105 to peer 0x7fc300008000 (74 bytes)
1626308537.182524 sending message 105 to peer 0x7fc300008000 (49 bytes)
1626308537.182531 sending message 105 to peer 0x7fc300008000 (22 bytes)
1626308537.182537 sending message 106 to peer 0x7fc300008000 (0 bytes)
1626308537.182546 sending message 200 to peer 0x7fc300008000 (4 bytes)
1626308537.182565 client loop enter
1626308537.183796 peer 0x7fc300008000 message 207
1626308537.183811 sending message 208 to peer 0x7fc300008000 (0 bytes)
1626308540.682673 peer 0x7fc300008000 message 201
1626308540.682696 sending message 205 to peer 0x7fc300008000 (0 bytes)
1626308540.682868 peer 0x7fc300008000 message 204
1626308540.682877 client loop exit
